[0.008s] Invoking command in '/home/raj/mazerover-auto/build/haruto_description': CMAKE_PREFIX_PATH=${CMAKE_PREFIX_PATH}:/opt/ros/humble /usr/bin/cmake --build /home/raj/mazerover-auto/build/haruto_description -- -j2 -l2
[0.065s] [ 50%] Built target talker
[0.087s] [ 75%] [32mBuilding CXX object CMakeFiles/auto.dir/script/auto.cpp.o[0m
[6.143s] [100%] [32m[1mLinking CXX executable auto[0m
[6.432s] [100%] Built target auto
[6.442s] Invoked command in '/home/raj/mazerover-auto/build/haruto_description' returned '0': CMAKE_PREFIX_PATH=${CMAKE_PREFIX_PATH}:/opt/ros/humble /usr/bin/cmake --build /home/raj/mazerover-auto/build/haruto_description -- -j2 -l2
[6.450s] Invoking command in '/home/raj/mazerover-auto/build/haruto_description': CMAKE_PREFIX_PATH=${CMAKE_PREFIX_PATH}:/opt/ros/humble /usr/bin/cmake --install /home/raj/mazerover-auto/build/haruto_description
[6.457s] -- Install configuration: ""
[6.457s] -- Up-to-date: /home/raj/mazerover-auto/install/haruto_description/share/haruto_description/urdf
[6.457s] -- Up-to-date: /home/raj/mazerover-auto/install/haruto_description/share/haruto_description/urdf/motor.xacro
[6.457s] -- Up-to-date: /home/raj/mazerover-auto/install/haruto_description/share/haruto_description/urdf/base.xacro
[6.458s] -- Up-to-date: /home/raj/mazerover-auto/install/haruto_description/share/haruto_description/urdf/camera.xacro
[6.458s] -- Up-to-date: /home/raj/mazerover-auto/install/haruto_description/share/haruto_description/urdf/wheel.xacro
[6.458s] -- Up-to-date: /home/raj/mazerover-auto/install/haruto_description/share/haruto_description/urdf/lidar.xacro
[6.458s] -- Up-to-date: /home/raj/mazerover-auto/install/haruto_description/share/haruto_description/urdf/robot.xacro
[6.458s] -- Up-to-date: /home/raj/mazerover-auto/install/haruto_description/share/haruto_description/urdf/pillar.xacro
[6.458s] -- Up-to-date: /home/raj/mazerover-auto/install/haruto_description/share/haruto_description/worlds
[6.458s] -- Up-to-date: /home/raj/mazerover-auto/install/haruto_description/share/haruto_description/worlds/maze.world
[6.458s] -- Up-to-date: /home/raj/mazerover-auto/install/haruto_description/share/haruto_description/script
[6.458s] -- Installing: /home/raj/mazerover-auto/install/haruto_description/share/haruto_description/script/auto.cpp
[6.458s] -- Up-to-date: /home/raj/mazerover-auto/install/haruto_description/share/haruto_description/script/min.cpp
[6.458s] -- Up-to-date: /home/raj/mazerover-auto/install/haruto_description/lib/haruto_description/talker
[6.459s] -- Up-to-date: /home/raj/mazerover-auto/install/haruto_description/share/haruto_description/rviz
[6.459s] -- Up-to-date: /home/raj/mazerover-auto/install/haruto_description/share/haruto_description/rviz/with_camera.rviz
[6.459s] -- Up-to-date: /home/raj/mazerover-auto/install/haruto_description/share/haruto_description/rviz/visualize_robot.rviz
[6.459s] -- Up-to-date: /home/raj/mazerover-auto/install/haruto_description/share/haruto_description/launch
[6.459s] -- Up-to-date: /home/raj/mazerover-auto/install/haruto_description/share/haruto_description/launch/visualize_robot_standalone.launch.py
[6.459s] -- Up-to-date: /home/raj/mazerover-auto/install/haruto_description/share/haruto_description/launch/pre_vashisht.launch.py
[6.459s] -- Up-to-date: /home/raj/mazerover-auto/install/haruto_description/share/haruto_description/launch/visualize_robot_simulation.launch.py
[6.459s] -- Up-to-date: /home/raj/mazerover-auto/install/haruto_description/share/ament_index/resource_index/package_run_dependencies/haruto_description
[6.459s] -- Up-to-date: /home/raj/mazerover-auto/install/haruto_description/share/ament_index/resource_index/parent_prefix_path/haruto_description
[6.459s] -- Up-to-date: /home/raj/mazerover-auto/install/haruto_description/share/haruto_description/environment/ament_prefix_path.sh
[6.459s] -- Up-to-date: /home/raj/mazerover-auto/install/haruto_description/share/haruto_description/environment/ament_prefix_path.dsv
[6.459s] -- Up-to-date: /home/raj/mazerover-auto/install/haruto_description/share/haruto_description/environment/path.sh
[6.459s] -- Up-to-date: /home/raj/mazerover-auto/install/haruto_description/share/haruto_description/environment/path.dsv
[6.459s] -- Up-to-date: /home/raj/mazerover-auto/install/haruto_description/share/haruto_description/local_setup.bash
[6.459s] -- Up-to-date: /home/raj/mazerover-auto/install/haruto_description/share/haruto_description/local_setup.sh
[6.459s] -- Up-to-date: /home/raj/mazerover-auto/install/haruto_description/share/haruto_description/local_setup.zsh
[6.459s] -- Up-to-date: /home/raj/mazerover-auto/install/haruto_description/share/haruto_description/local_setup.dsv
[6.459s] -- Installing: /home/raj/mazerover-auto/install/haruto_description/share/haruto_description/package.dsv
[6.460s] -- Up-to-date: /home/raj/mazerover-auto/install/haruto_description/share/ament_index/resource_index/packages/haruto_description
[6.460s] -- Up-to-date: /home/raj/mazerover-auto/install/haruto_description/share/haruto_description/cmake/haruto_descriptionConfig.cmake
[6.460s] -- Up-to-date: /home/raj/mazerover-auto/install/haruto_description/share/haruto_description/cmake/haruto_descriptionConfig-version.cmake
[6.460s] -- Up-to-date: /home/raj/mazerover-auto/install/haruto_description/share/haruto_description/package.xml
[6.461s] Invoked command in '/home/raj/mazerover-auto/build/haruto_description' returned '0': CMAKE_PREFIX_PATH=${CMAKE_PREFIX_PATH}:/opt/ros/humble /usr/bin/cmake --install /home/raj/mazerover-auto/build/haruto_description
