-- Found ament_cmake: 1.3.11 (/opt/ros/humble/share/ament_cmake/cmake)
-- Found rclcpp: 16.0.11 (/opt/ros/humble/share/rclcpp/cmake)
-- Found rosidl_generator_c: 3.1.6 (/opt/ros/humble/share/rosidl_generator_c/cmake)
-- Found rosidl_adapter: 3.1.6 (/opt/ros/humble/share/rosidl_adapter/cmake)
-- Found rosidl_generator_cpp: 3.1.6 (/opt/ros/humble/share/rosidl_generator_cpp/cmake)
-- Using all available rosidl_typesupport_c: rosidl_typesupport_fastrtps_c;rosidl_typesupport_introspection_c
-- Using all available rosidl_typesupport_cpp: rosidl_typesupport_fastrtps_cpp;rosidl_typesupport_introspection_cpp
-- Found rmw_implementation_cmake: 6.1.2 (/opt/ros/humble/share/rmw_implementation_cmake/cmake)
-- Found rmw_fastrtps_cpp: 6.2.7 (/opt/ros/humble/share/rmw_fastrtps_cpp/cmake)
-- Using RMW implementation 'rmw_fastrtps_cpp' as default
-- Found sensor_msgs: 4.2.4 (/opt/ros/humble/share/sensor_msgs/cmake)
-- Found ament_lint_auto: 0.12.11 (/opt/ros/humble/share/ament_lint_auto/cmake)
-- Added test 'cppcheck' to perform static code analysis on C / C++ code
-- Configured cppcheck include dirs: 
-- Configured cppcheck exclude dirs and/or files: 
-- Added test 'flake8' to check Python code syntax and style conventions
-- Added test 'lint_cmake' to check CMake code style
-- Added test 'pep257' to check Python code against some of the docstring style conventions in PEP 257
-- Added test 'uncrustify' to check C / C++ code style
-- Configured uncrustify additional arguments: 
-- Added test 'xmllint' to check XML markup files
-- Configuring done
-- Generating done
-- Build files have been written to: /home/raj/mazerover-auto/build/haruto_description
[35m[1mConsolidate compiler generated dependencies of target talker[0m
[ 25%] [32mBuilding CXX object CMakeFiles/auto.dir/script/auto.cpp.o[0m
[ 75%] Built target talker
[100%] [32m[1mLinking CXX executable auto[0m
[100%] Built target auto
-- Install configuration: ""
-- Up-to-date: /home/raj/mazerover-auto/install/haruto_description/share/haruto_description/urdf
-- Up-to-date: /home/raj/mazerover-auto/install/haruto_description/share/haruto_description/urdf/motor.xacro
-- Up-to-date: /home/raj/mazerover-auto/install/haruto_description/share/haruto_description/urdf/base.xacro
-- Up-to-date: /home/raj/mazerover-auto/install/haruto_description/share/haruto_description/urdf/camera.xacro
-- Up-to-date: /home/raj/mazerover-auto/install/haruto_description/share/haruto_description/urdf/wheel.xacro
-- Up-to-date: /home/raj/mazerover-auto/install/haruto_description/share/haruto_description/urdf/lidar.xacro
-- Up-to-date: /home/raj/mazerover-auto/install/haruto_description/share/haruto_description/urdf/robot.xacro
-- Up-to-date: /home/raj/mazerover-auto/install/haruto_description/share/haruto_description/urdf/pillar.xacro
-- Up-to-date: /home/raj/mazerover-auto/install/haruto_description/share/haruto_description/worlds
-- Up-to-date: /home/raj/mazerover-auto/install/haruto_description/share/haruto_description/worlds/maze.world
-- Up-to-date: /home/raj/mazerover-auto/install/haruto_description/share/haruto_description/script
-- Installing: /home/raj/mazerover-auto/install/haruto_description/share/haruto_description/script/auto.cpp
-- Up-to-date: /home/raj/mazerover-auto/install/haruto_description/share/haruto_description/script/min.cpp
-- Up-to-date: /home/raj/mazerover-auto/install/haruto_description/lib/haruto_description/talker
-- Up-to-date: /home/raj/mazerover-auto/install/haruto_description/share/haruto_description/rviz
-- Up-to-date: /home/raj/mazerover-auto/install/haruto_description/share/haruto_description/rviz/with_camera.rviz
-- Up-to-date: /home/raj/mazerover-auto/install/haruto_description/share/haruto_description/rviz/visualize_robot.rviz
-- Up-to-date: /home/raj/mazerover-auto/install/haruto_description/share/haruto_description/launch
-- Up-to-date: /home/raj/mazerover-auto/install/haruto_description/share/haruto_description/launch/visualize_robot_standalone.launch.py
-- Up-to-date: /home/raj/mazerover-auto/install/haruto_description/share/haruto_description/launch/pre_vashisht.launch.py
-- Up-to-date: /home/raj/mazerover-auto/install/haruto_description/share/haruto_description/launch/visualize_robot_simulation.launch.py
-- Up-to-date: /home/raj/mazerover-auto/install/haruto_description/share/ament_index/resource_index/package_run_dependencies/haruto_description
-- Installing: /home/raj/mazerover-auto/install/haruto_description/share/ament_index/resource_index/parent_prefix_path/haruto_description
-- Up-to-date: /home/raj/mazerover-auto/install/haruto_description/share/haruto_description/environment/ament_prefix_path.sh
-- Installing: /home/raj/mazerover-auto/install/haruto_description/share/haruto_description/environment/ament_prefix_path.dsv
-- Up-to-date: /home/raj/mazerover-auto/install/haruto_description/share/haruto_description/environment/path.sh
-- Installing: /home/raj/mazerover-auto/install/haruto_description/share/haruto_description/environment/path.dsv
-- Up-to-date: /home/raj/mazerover-auto/install/haruto_description/share/haruto_description/local_setup.bash
-- Up-to-date: /home/raj/mazerover-auto/install/haruto_description/share/haruto_description/local_setup.sh
-- Up-to-date: /home/raj/mazerover-auto/install/haruto_description/share/haruto_description/local_setup.zsh
-- Installing: /home/raj/mazerover-auto/install/haruto_description/share/haruto_description/local_setup.dsv
-- Installing: /home/raj/mazerover-auto/install/haruto_description/share/haruto_description/package.dsv
-- Up-to-date: /home/raj/mazerover-auto/install/haruto_description/share/ament_index/resource_index/packages/haruto_description
-- Up-to-date: /home/raj/mazerover-auto/install/haruto_description/share/haruto_description/cmake/haruto_descriptionConfig.cmake
-- Up-to-date: /home/raj/mazerover-auto/install/haruto_description/share/haruto_description/cmake/haruto_descriptionConfig-version.cmake
-- Up-to-date: /home/raj/mazerover-auto/install/haruto_description/share/haruto_description/package.xml
