[0.063s] DEBUG:colcon:Command line arguments: ['/usr/bin/colcon', 'build']
[0.063s] DEBUG:colcon:Parsed command line arguments: Namespace(log_base=None, log_level=None, verb_name='build', build_base='build', install_base='install', merge_install=False, symlink_install=False, test_result_base=None, continue_on_error=False, executor='parallel', parallel_workers=2, event_handlers=None, ignore_user_meta=False, metas=['./colcon.meta'], base_paths=['.'], packages_ignore=None, packages_ignore_regex=None, paths=None, packages_up_to=None, packages_up_to_regex=None, packages_above=None, packages_above_and_dependencies=None, packages_above_depth=None, packages_select_by_dep=None, packages_skip_by_dep=None, packages_skip_up_to=None, packages_select_build_failed=False, packages_skip_build_finished=False, packages_select_test_failures=False, packages_skip_test_passed=False, packages_select=None, packages_skip=None, packages_select_regex=None, packages_skip_regex=None, packages_start=None, packages_end=None, allow_overriding=[], cmake_args=None, cmake_target=None, cmake_target_skip_unavailable=False, cmake_clean_cache=False, cmake_clean_first=False, cmake_force_configure=False, ament_cmake_args=None, catkin_cmake_args=None, catkin_skip_building_tests=False, verb_parser=<colcon_defaults.argument_parser.defaults.DefaultArgumentsDecorator object at 0x757df9a339a0>, verb_extension=<colcon_core.verb.build.BuildVerb object at 0x757df9a33490>, main=<bound method BuildVerb.main of <colcon_core.verb.build.BuildVerb object at 0x757df9a33490>>)
[0.156s] Level 1:colcon.colcon_core.package_discovery:discover_packages(colcon_meta) check parameters
[0.156s] Level 1:colcon.colcon_core.package_discovery:discover_packages(recursive) check parameters
[0.156s] Level 1:colcon.colcon_core.package_discovery:discover_packages(ignore) check parameters
[0.156s] Level 1:colcon.colcon_core.package_discovery:discover_packages(path) check parameters
[0.156s] Level 1:colcon.colcon_core.package_discovery:discover_packages(colcon_meta) discover
[0.156s] Level 1:colcon.colcon_core.package_discovery:discover_packages(recursive) discover
[0.156s] INFO:colcon.colcon_core.package_discovery:Crawling recursively for packages in '/home/raj/mazerover-auto'
[0.156s] Level 1:colcon.colcon_core.package_identification:_identify(.) by extensions ['ignore', 'ignore_ament_install']
[0.156s] Level 1:colcon.colcon_core.package_identification:_identify(.) by extension 'ignore'
[0.156s] Level 1:colcon.colcon_core.package_identification:_identify(.) by extension 'ignore_ament_install'
[0.156s] Level 1:colcon.colcon_core.package_identification:_identify(.) by extensions ['colcon_pkg']
[0.156s] Level 1:colcon.colcon_core.package_identification:_identify(.) by extension 'colcon_pkg'
[0.156s] Level 1:colcon.colcon_core.package_identification:_identify(.) by extensions ['colcon_meta']
[0.156s] Level 1:colcon.colcon_core.package_identification:_identify(.) by extension 'colcon_meta'
[0.156s] Level 1:colcon.colcon_core.package_identification:_identify(.) by extensions ['ros']
[0.156s] Level 1:colcon.colcon_core.package_identification:_identify(.) by extension 'ros'
[0.165s] Level 1:colcon.colcon_core.package_identification:_identify(.) by extensions ['cmake', 'python']
[0.165s] Level 1:colcon.colcon_core.package_identification:_identify(.) by extension 'cmake'
[0.165s] Level 1:colcon.colcon_core.package_identification:_identify(.) by extension 'python'
[0.165s] Level 1:colcon.colcon_core.package_identification:_identify(.) by extensions ['python_setup_py']
[0.165s] Level 1:colcon.colcon_core.package_identification:_identify(.) by extension 'python_setup_py'
[0.165s] Level 1:colcon.colcon_core.package_identification:_identify(build) by extensions ['ignore', 'ignore_ament_install']
[0.165s] Level 1:colcon.colcon_core.package_identification:_identify(build) by extension 'ignore'
[0.165s] Level 1:colcon.colcon_core.package_identification:_identify(build) ignored
[0.165s] Level 1:colcon.colcon_core.package_identification:_identify(install) by extensions ['ignore', 'ignore_ament_install']
[0.165s] Level 1:colcon.colcon_core.package_identification:_identify(install) by extension 'ignore'
[0.165s] Level 1:colcon.colcon_core.package_identification:_identify(install) ignored
[0.165s] Level 1:colcon.colcon_core.package_identification:_identify(log) by extensions ['ignore', 'ignore_ament_install']
[0.165s] Level 1:colcon.colcon_core.package_identification:_identify(log) by extension 'ignore'
[0.165s] Level 1:colcon.colcon_core.package_identification:_identify(log) ignored
[0.166s] Level 1:colcon.colcon_core.package_identification:_identify(src) by extensions ['ignore', 'ignore_ament_install']
[0.166s] Level 1:colcon.colcon_core.package_identification:_identify(src) by extension 'ignore'
[0.166s] Level 1:colcon.colcon_core.package_identification:_identify(src) by extension 'ignore_ament_install'
[0.166s] Level 1:colcon.colcon_core.package_identification:_identify(src) by extensions ['colcon_pkg']
[0.166s] Level 1:colcon.colcon_core.package_identification:_identify(src) by extension 'colcon_pkg'
[0.166s] Level 1:colcon.colcon_core.package_identification:_identify(src) by extensions ['colcon_meta']
[0.166s] Level 1:colcon.colcon_core.package_identification:_identify(src) by extension 'colcon_meta'
[0.166s] Level 1:colcon.colcon_core.package_identification:_identify(src) by extensions ['ros']
[0.166s] Level 1:colcon.colcon_core.package_identification:_identify(src) by extension 'ros'
[0.166s] Level 1:colcon.colcon_core.package_identification:_identify(src) by extensions ['cmake', 'python']
[0.166s] Level 1:colcon.colcon_core.package_identification:_identify(src) by extension 'cmake'
[0.166s] Level 1:colcon.colcon_core.package_identification:_identify(src) by extension 'python'
[0.166s] Level 1:colcon.colcon_core.package_identification:_identify(src) by extensions ['python_setup_py']
[0.166s] Level 1:colcon.colcon_core.package_identification:_identify(src) by extension 'python_setup_py'
[0.166s] Level 1:colcon.colcon_core.package_identification:_identify(src/haruto_description) by extensions ['ignore', 'ignore_ament_install']
[0.166s] Level 1:colcon.colcon_core.package_identification:_identify(src/haruto_description) by extension 'ignore'
[0.166s] Level 1:colcon.colcon_core.package_identification:_identify(src/haruto_description) by extension 'ignore_ament_install'
[0.166s] Level 1:colcon.colcon_core.package_identification:_identify(src/haruto_description) by extensions ['colcon_pkg']
[0.166s] Level 1:colcon.colcon_core.package_identification:_identify(src/haruto_description) by extension 'colcon_pkg'
[0.166s] Level 1:colcon.colcon_core.package_identification:_identify(src/haruto_description) by extensions ['colcon_meta']
[0.166s] Level 1:colcon.colcon_core.package_identification:_identify(src/haruto_description) by extension 'colcon_meta'
[0.166s] Level 1:colcon.colcon_core.package_identification:_identify(src/haruto_description) by extensions ['ros']
[0.166s] Level 1:colcon.colcon_core.package_identification:_identify(src/haruto_description) by extension 'ros'
[0.168s] DEBUG:colcon.colcon_core.package_identification:Package 'src/haruto_description' with type 'ros.ament_cmake' and name 'haruto_description'
[0.168s] Level 1:colcon.colcon_core.package_discovery:discover_packages(recursive) using defaults
[0.168s] Level 1:colcon.colcon_core.package_discovery:discover_packages(ignore) discover
[0.168s] Level 1:colcon.colcon_core.package_discovery:discover_packages(ignore) using defaults
[0.168s] Level 1:colcon.colcon_core.package_discovery:discover_packages(path) discover
[0.168s] Level 1:colcon.colcon_core.package_discovery:discover_packages(path) using defaults
[0.181s] Level 1:colcon.colcon_core.package_discovery:discover_packages(prefix_path) check parameters
[0.181s] Level 1:colcon.colcon_core.package_discovery:discover_packages(prefix_path) discover
[0.189s] DEBUG:colcon.colcon_installed_package_information.package_discovery:Found 1 installed packages in /home/raj/mazerover-auto/install
[0.190s] DEBUG:colcon.colcon_installed_package_information.package_discovery:Found 296 installed packages in /opt/ros/humble
[0.190s] Level 1:colcon.colcon_core.package_discovery:discover_packages(prefix_path) using defaults
[0.213s] Level 5:colcon.colcon_core.verb:set package 'haruto_description' build argument 'cmake_args' from command line to 'None'
[0.213s] Level 5:colcon.colcon_core.verb:set package 'haruto_description' build argument 'cmake_target' from command line to 'None'
[0.213s] Level 5:colcon.colcon_core.verb:set package 'haruto_description' build argument 'cmake_target_skip_unavailable' from command line to 'False'
[0.213s] Level 5:colcon.colcon_core.verb:set package 'haruto_description' build argument 'cmake_clean_cache' from command line to 'False'
[0.213s] Level 5:colcon.colcon_core.verb:set package 'haruto_description' build argument 'cmake_clean_first' from command line to 'False'
[0.213s] Level 5:colcon.colcon_core.verb:set package 'haruto_description' build argument 'cmake_force_configure' from command line to 'False'
[0.213s] Level 5:colcon.colcon_core.verb:set package 'haruto_description' build argument 'ament_cmake_args' from command line to 'None'
[0.213s] Level 5:colcon.colcon_core.verb:set package 'haruto_description' build argument 'catkin_cmake_args' from command line to 'None'
[0.213s] Level 5:colcon.colcon_core.verb:set package 'haruto_description' build argument 'catkin_skip_building_tests' from command line to 'False'
[0.213s] DEBUG:colcon.colcon_core.verb:Building package 'haruto_description' with the following arguments: {'ament_cmake_args': None, 'build_base': '/home/raj/mazerover-auto/build/haruto_description', 'catkin_cmake_args': None, 'catkin_skip_building_tests': False, 'cmake_args': None, 'cmake_clean_cache': False, 'cmake_clean_first': False, 'cmake_force_configure': False, 'cmake_target': None, 'cmake_target_skip_unavailable': False, 'install_base': '/home/raj/mazerover-auto/install/haruto_description', 'merge_install': False, 'path': '/home/raj/mazerover-auto/src/haruto_description', 'symlink_install': False, 'test_result_base': None}
[0.213s] INFO:colcon.colcon_core.executor:Executing jobs using 'parallel' executor
[0.215s] DEBUG:colcon.colcon_parallel_executor.executor.parallel:run_until_complete
[0.215s] INFO:colcon.colcon_ros.task.ament_cmake.build:Building ROS package in '/home/raj/mazerover-auto/src/haruto_description' with build type 'ament_cmake'
[0.215s] INFO:colcon.colcon_cmake.task.cmake.build:Building CMake package in '/home/raj/mazerover-auto/src/haruto_description'
[0.216s] INFO:colcon.colcon_core.plugin_system:Skipping extension 'colcon_core.shell.bat': Not used on non-Windows systems
[0.216s] INFO:colcon.colcon_core.shell:Skip shell extension 'powershell' for command environment: Not usable outside of PowerShell
[0.216s] DEBUG:colcon.colcon_core.shell:Skip shell extension 'dsv' for command environment
[0.223s] DEBUG:colcon.colcon_core.event_handler.log_command:Invoking command in '/home/raj/mazerover-auto/build/haruto_description': CMAKE_PREFIX_PATH=${CMAKE_PREFIX_PATH}:/opt/ros/humble /usr/bin/cmake --build /home/raj/mazerover-auto/build/haruto_description -- -j2 -l2
[6.657s] DEBUG:colcon.colcon_core.event_handler.log_command:Invoked command in '/home/raj/mazerover-auto/build/haruto_description' returned '0': CMAKE_PREFIX_PATH=${CMAKE_PREFIX_PATH}:/opt/ros/humble /usr/bin/cmake --build /home/raj/mazerover-auto/build/haruto_description -- -j2 -l2
[6.665s] DEBUG:colcon.colcon_core.event_handler.log_command:Invoking command in '/home/raj/mazerover-auto/build/haruto_description': CMAKE_PREFIX_PATH=${CMAKE_PREFIX_PATH}:/opt/ros/humble /usr/bin/cmake --install /home/raj/mazerover-auto/build/haruto_description
[6.676s] Level 1:colcon.colcon_core.environment:create_environment_scripts_only(haruto_description)
[6.676s] DEBUG:colcon.colcon_core.event_handler.log_command:Invoked command in '/home/raj/mazerover-auto/build/haruto_description' returned '0': CMAKE_PREFIX_PATH=${CMAKE_PREFIX_PATH}:/opt/ros/humble /usr/bin/cmake --install /home/raj/mazerover-auto/build/haruto_description
[6.680s] Level 1:colcon.colcon_core.environment:checking '/home/raj/mazerover-auto/install/haruto_description' for CMake module files
[6.680s] Level 1:colcon.colcon_core.environment:checking '/home/raj/mazerover-auto/install/haruto_description' for CMake config files
[6.680s] Level 1:colcon.colcon_core.shell:create_environment_hook('haruto_description', 'cmake_prefix_path')
[6.680s] INFO:colcon.colcon_core.shell:Creating environment hook '/home/raj/mazerover-auto/install/haruto_description/share/haruto_description/hook/cmake_prefix_path.ps1'
[6.681s] INFO:colcon.colcon_core.shell:Creating environment descriptor '/home/raj/mazerover-auto/install/haruto_description/share/haruto_description/hook/cmake_prefix_path.dsv'
[6.682s] INFO:colcon.colcon_core.shell:Creating environment hook '/home/raj/mazerover-auto/install/haruto_description/share/haruto_description/hook/cmake_prefix_path.sh'
[6.683s] Level 1:colcon.colcon_core.environment:checking '/home/raj/mazerover-auto/install/haruto_description/lib'
[6.683s] Level 1:colcon.colcon_core.environment:checking '/home/raj/mazerover-auto/install/haruto_description/bin'
[6.683s] Level 1:colcon.colcon_core.environment:checking '/home/raj/mazerover-auto/install/haruto_description/lib/pkgconfig/haruto_description.pc'
[6.683s] Level 1:colcon.colcon_core.environment:checking '/home/raj/mazerover-auto/install/haruto_description/lib/python3.10/site-packages'
[6.683s] Level 1:colcon.colcon_core.environment:checking '/home/raj/mazerover-auto/install/haruto_description/bin'
[6.684s] INFO:colcon.colcon_core.shell:Creating package script '/home/raj/mazerover-auto/install/haruto_description/share/haruto_description/package.ps1'
[6.684s] INFO:colcon.colcon_core.shell:Creating package descriptor '/home/raj/mazerover-auto/install/haruto_description/share/haruto_description/package.dsv'
[6.685s] INFO:colcon.colcon_core.shell:Creating package script '/home/raj/mazerover-auto/install/haruto_description/share/haruto_description/package.sh'
[6.686s] INFO:colcon.colcon_core.shell:Creating package script '/home/raj/mazerover-auto/install/haruto_description/share/haruto_description/package.bash'
[6.686s] INFO:colcon.colcon_core.shell:Creating package script '/home/raj/mazerover-auto/install/haruto_description/share/haruto_description/package.zsh'
[6.687s] Level 1:colcon.colcon_core.environment:create_file_with_runtime_dependencies(/home/raj/mazerover-auto/install/haruto_description/share/colcon-core/packages/haruto_description)
[6.688s] Level 1:colcon.colcon_core.environment:create_environment_scripts_only(haruto_description)
[6.688s] Level 1:colcon.colcon_core.environment:checking '/home/raj/mazerover-auto/install/haruto_description' for CMake module files
[6.689s] Level 1:colcon.colcon_core.environment:checking '/home/raj/mazerover-auto/install/haruto_description' for CMake config files
[6.689s] Level 1:colcon.colcon_core.shell:create_environment_hook('haruto_description', 'cmake_prefix_path')
[6.689s] INFO:colcon.colcon_core.shell:Creating environment hook '/home/raj/mazerover-auto/install/haruto_description/share/haruto_description/hook/cmake_prefix_path.ps1'
[6.690s] INFO:colcon.colcon_core.shell:Creating environment descriptor '/home/raj/mazerover-auto/install/haruto_description/share/haruto_description/hook/cmake_prefix_path.dsv'
[6.691s] INFO:colcon.colcon_core.shell:Creating environment hook '/home/raj/mazerover-auto/install/haruto_description/share/haruto_description/hook/cmake_prefix_path.sh'
[6.691s] Level 1:colcon.colcon_core.environment:checking '/home/raj/mazerover-auto/install/haruto_description/lib'
[6.691s] Level 1:colcon.colcon_core.environment:checking '/home/raj/mazerover-auto/install/haruto_description/bin'
[6.691s] Level 1:colcon.colcon_core.environment:checking '/home/raj/mazerover-auto/install/haruto_description/lib/pkgconfig/haruto_description.pc'
[6.692s] Level 1:colcon.colcon_core.environment:checking '/home/raj/mazerover-auto/install/haruto_description/lib/python3.10/site-packages'
[6.692s] Level 1:colcon.colcon_core.environment:checking '/home/raj/mazerover-auto/install/haruto_description/bin'
[6.692s] INFO:colcon.colcon_core.shell:Creating package script '/home/raj/mazerover-auto/install/haruto_description/share/haruto_description/package.ps1'
[6.693s] INFO:colcon.colcon_core.shell:Creating package descriptor '/home/raj/mazerover-auto/install/haruto_description/share/haruto_description/package.dsv'
[6.693s] INFO:colcon.colcon_core.shell:Creating package script '/home/raj/mazerover-auto/install/haruto_description/share/haruto_description/package.sh'
[6.694s] INFO:colcon.colcon_core.shell:Creating package script '/home/raj/mazerover-auto/install/haruto_description/share/haruto_description/package.bash'
[6.694s] INFO:colcon.colcon_core.shell:Creating package script '/home/raj/mazerover-auto/install/haruto_description/share/haruto_description/package.zsh'
[6.695s] Level 1:colcon.colcon_core.environment:create_file_with_runtime_dependencies(/home/raj/mazerover-auto/install/haruto_description/share/colcon-core/packages/haruto_description)
[6.696s] DEBUG:colcon.colcon_parallel_executor.executor.parallel:closing loop
[6.697s] DEBUG:colcon.colcon_parallel_executor.executor.parallel:loop closed
[6.697s] DEBUG:colcon.colcon_parallel_executor.executor.parallel:run_until_complete finished with '0'
[6.697s] DEBUG:colcon.colcon_core.event_reactor:joining thread
[6.702s] INFO:colcon.colcon_core.plugin_system:Skipping extension 'colcon_notification.desktop_notification.terminal_notifier': Not used on non-Darwin systems
[6.702s] INFO:colcon.colcon_core.plugin_system:Skipping extension 'colcon_notification.desktop_notification.win32': Not used on non-Windows systems
[6.702s] INFO:colcon.colcon_notification.desktop_notification:Sending desktop notification using 'notify2'
[6.718s] DEBUG:colcon.colcon_core.event_reactor:joined thread
[6.718s] INFO:colcon.colcon_core.shell:Creating prefix script '/home/raj/mazerover-auto/install/local_setup.ps1'
[6.719s] INFO:colcon.colcon_core.shell:Creating prefix util module '/home/raj/mazerover-auto/install/_local_setup_util_ps1.py'
[6.720s] INFO:colcon.colcon_core.shell:Creating prefix chain script '/home/raj/mazerover-auto/install/setup.ps1'
[6.721s] INFO:colcon.colcon_core.shell:Creating prefix script '/home/raj/mazerover-auto/install/local_setup.sh'
[6.722s] INFO:colcon.colcon_core.shell:Creating prefix util module '/home/raj/mazerover-auto/install/_local_setup_util_sh.py'
[6.723s] INFO:colcon.colcon_core.shell:Creating prefix chain script '/home/raj/mazerover-auto/install/setup.sh'
[6.724s] INFO:colcon.colcon_core.shell:Creating prefix script '/home/raj/mazerover-auto/install/local_setup.bash'
[6.725s] INFO:colcon.colcon_core.shell:Creating prefix chain script '/home/raj/mazerover-auto/install/setup.bash'
[6.727s] INFO:colcon.colcon_core.shell:Creating prefix script '/home/raj/mazerover-auto/install/local_setup.zsh'
[6.728s] INFO:colcon.colcon_core.shell:Creating prefix chain script '/home/raj/mazerover-auto/install/setup.zsh'
