[35m[1mConsolidate compiler generated dependencies of target auto[0m
[ 50%] Built target talker
[100%] Built target auto
-- Install configuration: ""
-- Up-to-date: /home/raj/mazerover-auto/install/haruto_description/share/haruto_description/urdf
-- Up-to-date: /home/raj/mazerover-auto/install/haruto_description/share/haruto_description/urdf/motor.xacro
-- Up-to-date: /home/raj/mazerover-auto/install/haruto_description/share/haruto_description/urdf/base.xacro
-- Up-to-date: /home/raj/mazerover-auto/install/haruto_description/share/haruto_description/urdf/camera.xacro
-- Up-to-date: /home/raj/mazerover-auto/install/haruto_description/share/haruto_description/urdf/wheel.xacro
-- Up-to-date: /home/raj/mazerover-auto/install/haruto_description/share/haruto_description/urdf/lidar.xacro
-- Up-to-date: /home/raj/mazerover-auto/install/haruto_description/share/haruto_description/urdf/robot.xacro
-- Up-to-date: /home/raj/mazerover-auto/install/haruto_description/share/haruto_description/urdf/pillar.xacro
-- Up-to-date: /home/raj/mazerover-auto/install/haruto_description/share/haruto_description/worlds
-- Up-to-date: /home/raj/mazerover-auto/install/haruto_description/share/haruto_description/worlds/maze.world
-- Up-to-date: /home/raj/mazerover-auto/install/haruto_description/share/haruto_description/script
-- Up-to-date: /home/raj/mazerover-auto/install/haruto_description/share/haruto_description/script/auto.cpp
-- Up-to-date: /home/raj/mazerover-auto/install/haruto_description/share/haruto_description/script/min.cpp
-- Up-to-date: /home/raj/mazerover-auto/install/haruto_description/lib/haruto_description/talker
-- Up-to-date: /home/raj/mazerover-auto/install/haruto_description/share/haruto_description/rviz
-- Up-to-date: /home/raj/mazerover-auto/install/haruto_description/share/haruto_description/rviz/with_camera.rviz
-- Up-to-date: /home/raj/mazerover-auto/install/haruto_description/share/haruto_description/rviz/visualize_robot.rviz
-- Up-to-date: /home/raj/mazerover-auto/install/haruto_description/share/haruto_description/launch
-- Up-to-date: /home/raj/mazerover-auto/install/haruto_description/share/haruto_description/launch/visualize_robot_standalone.launch.py
-- Up-to-date: /home/raj/mazerover-auto/install/haruto_description/share/haruto_description/launch/pre_vashisht.launch.py
-- Up-to-date: /home/raj/mazerover-auto/install/haruto_description/share/haruto_description/launch/visualize_robot_simulation.launch.py
-- Up-to-date: /home/raj/mazerover-auto/install/haruto_description/share/ament_index/resource_index/package_run_dependencies/haruto_description
-- Up-to-date: /home/raj/mazerover-auto/install/haruto_description/share/ament_index/resource_index/parent_prefix_path/haruto_description
-- Up-to-date: /home/raj/mazerover-auto/install/haruto_description/share/haruto_description/environment/ament_prefix_path.sh
-- Up-to-date: /home/raj/mazerover-auto/install/haruto_description/share/haruto_description/environment/ament_prefix_path.dsv
-- Up-to-date: /home/raj/mazerover-auto/install/haruto_description/share/haruto_description/environment/path.sh
-- Up-to-date: /home/raj/mazerover-auto/install/haruto_description/share/haruto_description/environment/path.dsv
-- Up-to-date: /home/raj/mazerover-auto/install/haruto_description/share/haruto_description/local_setup.bash
-- Up-to-date: /home/raj/mazerover-auto/install/haruto_description/share/haruto_description/local_setup.sh
-- Up-to-date: /home/raj/mazerover-auto/install/haruto_description/share/haruto_description/local_setup.zsh
-- Up-to-date: /home/raj/mazerover-auto/install/haruto_description/share/haruto_description/local_setup.dsv
-- Installing: /home/raj/mazerover-auto/install/haruto_description/share/haruto_description/package.dsv
-- Up-to-date: /home/raj/mazerover-auto/install/haruto_description/share/ament_index/resource_index/packages/haruto_description
-- Up-to-date: /home/raj/mazerover-auto/install/haruto_description/share/haruto_description/cmake/haruto_descriptionConfig.cmake
-- Up-to-date: /home/raj/mazerover-auto/install/haruto_description/share/haruto_description/cmake/haruto_descriptionConfig-version.cmake
-- Up-to-date: /home/raj/mazerover-auto/install/haruto_description/share/haruto_description/package.xml
