[0.010s] Invoking command in '/home/raj/mazerover-auto/build/haruto_description': CMAKE_PREFIX_PATH=${CMAKE_PREFIX_PATH}:/opt/ros/humble /usr/bin/cmake --build /home/raj/mazerover-auto/build/haruto_description -- -j2 -l2
[0.061s] [35m[1mConsolidate compiler generated dependencies of target auto[0m
[0.073s] [ 50%] Built target talker
[0.076s] [100%] Built target auto
[0.085s] Invoked command in '/home/raj/mazerover-auto/build/haruto_description' returned '0': CMAKE_PREFIX_PATH=${CMAKE_PREFIX_PATH}:/opt/ros/humble /usr/bin/cmake --build /home/raj/mazerover-auto/build/haruto_description -- -j2 -l2
[0.094s] Invoking command in '/home/raj/mazerover-auto/build/haruto_description': CMAKE_PREFIX_PATH=${CMAKE_PREFIX_PATH}:/opt/ros/humble /usr/bin/cmake --install /home/raj/mazerover-auto/build/haruto_description
[0.100s] -- Install configuration: ""
[0.100s] -- Up-to-date: /home/raj/mazerover-auto/install/haruto_description/share/haruto_description/urdf
[0.101s] -- Up-to-date: /home/raj/mazerover-auto/install/haruto_description/share/haruto_description/urdf/motor.xacro
[0.101s] -- Up-to-date: /home/raj/mazerover-auto/install/haruto_description/share/haruto_description/urdf/base.xacro
[0.101s] -- Up-to-date: /home/raj/mazerover-auto/install/haruto_description/share/haruto_description/urdf/camera.xacro
[0.101s] -- Up-to-date: /home/raj/mazerover-auto/install/haruto_description/share/haruto_description/urdf/wheel.xacro
[0.101s] -- Up-to-date: /home/raj/mazerover-auto/install/haruto_description/share/haruto_description/urdf/lidar.xacro
[0.101s] -- Up-to-date: /home/raj/mazerover-auto/install/haruto_description/share/haruto_description/urdf/robot.xacro
[0.101s] -- Up-to-date: /home/raj/mazerover-auto/install/haruto_description/share/haruto_description/urdf/pillar.xacro
[0.101s] -- Up-to-date: /home/raj/mazerover-auto/install/haruto_description/share/haruto_description/worlds
[0.101s] -- Up-to-date: /home/raj/mazerover-auto/install/haruto_description/share/haruto_description/worlds/maze.world
[0.101s] -- Up-to-date: /home/raj/mazerover-auto/install/haruto_description/share/haruto_description/script
[0.101s] -- Up-to-date: /home/raj/mazerover-auto/install/haruto_description/share/haruto_description/script/auto.cpp
[0.101s] -- Up-to-date: /home/raj/mazerover-auto/install/haruto_description/share/haruto_description/script/min.cpp
[0.101s] -- Up-to-date: /home/raj/mazerover-auto/install/haruto_description/lib/haruto_description/talker
[0.101s] -- Up-to-date: /home/raj/mazerover-auto/install/haruto_description/share/haruto_description/rviz
[0.101s] -- Up-to-date: /home/raj/mazerover-auto/install/haruto_description/share/haruto_description/rviz/with_camera.rviz
[0.101s] -- Up-to-date: /home/raj/mazerover-auto/install/haruto_description/share/haruto_description/rviz/visualize_robot.rviz
[0.101s] -- Up-to-date: /home/raj/mazerover-auto/install/haruto_description/share/haruto_description/launch
[0.101s] -- Up-to-date: /home/raj/mazerover-auto/install/haruto_description/share/haruto_description/launch/visualize_robot_standalone.launch.py
[0.101s] -- Up-to-date: /home/raj/mazerover-auto/install/haruto_description/share/haruto_description/launch/pre_vashisht.launch.py
[0.101s] -- Up-to-date: /home/raj/mazerover-auto/install/haruto_description/share/haruto_description/launch/visualize_robot_simulation.launch.py
[0.101s] -- Up-to-date: /home/raj/mazerover-auto/install/haruto_description/share/ament_index/resource_index/package_run_dependencies/haruto_description
[0.101s] -- Up-to-date: /home/raj/mazerover-auto/install/haruto_description/share/ament_index/resource_index/parent_prefix_path/haruto_description
[0.101s] -- Up-to-date: /home/raj/mazerover-auto/install/haruto_description/share/haruto_description/environment/ament_prefix_path.sh
[0.101s] -- Up-to-date: /home/raj/mazerover-auto/install/haruto_description/share/haruto_description/environment/ament_prefix_path.dsv
[0.102s] -- Up-to-date: /home/raj/mazerover-auto/install/haruto_description/share/haruto_description/environment/path.sh
[0.102s] -- Up-to-date: /home/raj/mazerover-auto/install/haruto_description/share/haruto_description/environment/path.dsv
[0.102s] -- Up-to-date: /home/raj/mazerover-auto/install/haruto_description/share/haruto_description/local_setup.bash
[0.102s] -- Up-to-date: /home/raj/mazerover-auto/install/haruto_description/share/haruto_description/local_setup.sh
[0.102s] -- Up-to-date: /home/raj/mazerover-auto/install/haruto_description/share/haruto_description/local_setup.zsh
[0.102s] -- Up-to-date: /home/raj/mazerover-auto/install/haruto_description/share/haruto_description/local_setup.dsv
[0.102s] -- Installing: /home/raj/mazerover-auto/install/haruto_description/share/haruto_description/package.dsv
[0.102s] -- Up-to-date: /home/raj/mazerover-auto/install/haruto_description/share/ament_index/resource_index/packages/haruto_description
[0.102s] -- Up-to-date: /home/raj/mazerover-auto/install/haruto_description/share/haruto_description/cmake/haruto_descriptionConfig.cmake
[0.102s] -- Up-to-date: /home/raj/mazerover-auto/install/haruto_description/share/haruto_description/cmake/haruto_descriptionConfig-version.cmake
[0.102s] -- Up-to-date: /home/raj/mazerover-auto/install/haruto_description/share/haruto_description/package.xml
[0.103s] Invoked command in '/home/raj/mazerover-auto/build/haruto_description' returned '0': CMAKE_PREFIX_PATH=${CMAKE_PREFIX_PATH}:/opt/ros/humble /usr/bin/cmake --install /home/raj/mazerover-auto/build/haruto_description
