[0.018s] Invoking command in '/home/raj/mazerover-auto/build/haruto_description': CMAKE_PREFIX_PATH=${CMAKE_PREFIX_PATH}:/opt/ros/humble /usr/bin/cmake --build /home/raj/mazerover-auto/build/haruto_description -- -j2 -l2
[0.159s] -- Found ament_cmake: 1.3.11 (/opt/ros/humble/share/ament_cmake/cmake)
[0.400s] -- Found rclcpp: 16.0.11 (/opt/ros/humble/share/rclcpp/cmake)
[0.483s] -- Found rosidl_generator_c: 3.1.6 (/opt/ros/humble/share/rosidl_generator_c/cmake)
[0.491s] -- Found rosidl_adapter: 3.1.6 (/opt/ros/humble/share/rosidl_adapter/cmake)
[0.507s] -- Found rosidl_generator_cpp: 3.1.6 (/opt/ros/humble/share/rosidl_generator_cpp/cmake)
[0.533s] -- Using all available rosidl_typesupport_c: rosidl_typesupport_fastrtps_c;rosidl_typesupport_introspection_c
[0.560s] -- Using all available rosidl_typesupport_cpp: rosidl_typesupport_fastrtps_cpp;rosidl_typesupport_introspection_cpp
[0.639s] -- Found rmw_implementation_cmake: 6.1.2 (/opt/ros/humble/share/rmw_implementation_cmake/cmake)
[0.645s] -- Found rmw_fastrtps_cpp: 6.2.7 (/opt/ros/humble/share/rmw_fastrtps_cpp/cmake)
[0.791s] -- Using RMW implementation 'rmw_fastrtps_cpp' as default
[0.882s] -- Found sensor_msgs: 4.2.4 (/opt/ros/humble/share/sensor_msgs/cmake)
[0.941s] -- Found ament_lint_auto: 0.12.11 (/opt/ros/humble/share/ament_lint_auto/cmake)
[1.047s] -- Added test 'cppcheck' to perform static code analysis on C / C++ code
[1.047s] -- Configured cppcheck include dirs: 
[1.048s] -- Configured cppcheck exclude dirs and/or files: 
[1.049s] -- Added test 'flake8' to check Python code syntax and style conventions
[1.050s] -- Added test 'lint_cmake' to check CMake code style
[1.051s] -- Added test 'pep257' to check Python code against some of the docstring style conventions in PEP 257
[1.052s] -- Added test 'uncrustify' to check C / C++ code style
[1.052s] -- Configured uncrustify additional arguments: 
[1.053s] -- Added test 'xmllint' to check XML markup files
[1.056s] -- Configuring done
[1.077s] -- Generating done
[1.083s] -- Build files have been written to: /home/raj/mazerover-auto/build/haruto_description
[1.126s] [35m[1mConsolidate compiler generated dependencies of target auto[0m
[1.127s] [35m[1mConsolidate compiler generated dependencies of target talker[0m
[1.159s] [ 25%] [32m[1mLinking CXX executable auto[0m
[1.160s] [ 75%] Built target talker
[1.733s] [100%] Built target auto
[1.751s] Invoked command in '/home/raj/mazerover-auto/build/haruto_description' returned '0': CMAKE_PREFIX_PATH=${CMAKE_PREFIX_PATH}:/opt/ros/humble /usr/bin/cmake --build /home/raj/mazerover-auto/build/haruto_description -- -j2 -l2
[1.767s] Invoking command in '/home/raj/mazerover-auto/build/haruto_description': CMAKE_PREFIX_PATH=${CMAKE_PREFIX_PATH}:/opt/ros/humble /usr/bin/cmake --install /home/raj/mazerover-auto/build/haruto_description
[1.778s] -- Install configuration: ""
[1.778s] -- Up-to-date: /home/raj/mazerover-auto/install/haruto_description/share/haruto_description/urdf
[1.778s] -- Up-to-date: /home/raj/mazerover-auto/install/haruto_description/share/haruto_description/urdf/motor.xacro
[1.778s] -- Up-to-date: /home/raj/mazerover-auto/install/haruto_description/share/haruto_description/urdf/base.xacro
[1.778s] -- Up-to-date: /home/raj/mazerover-auto/install/haruto_description/share/haruto_description/urdf/camera.xacro
[1.778s] -- Up-to-date: /home/raj/mazerover-auto/install/haruto_description/share/haruto_description/urdf/wheel.xacro
[1.778s] -- Up-to-date: /home/raj/mazerover-auto/install/haruto_description/share/haruto_description/urdf/lidar.xacro
[1.778s] -- Up-to-date: /home/raj/mazerover-auto/install/haruto_description/share/haruto_description/urdf/robot.xacro
[1.778s] -- Up-to-date: /home/raj/mazerover-auto/install/haruto_description/share/haruto_description/urdf/pillar.xacro
[1.778s] -- Up-to-date: /home/raj/mazerover-auto/install/haruto_description/share/haruto_description/worlds
[1.778s] -- Up-to-date: /home/raj/mazerover-auto/install/haruto_description/share/haruto_description/worlds/maze.world
[1.778s] -- Up-to-date: /home/raj/mazerover-auto/install/haruto_description/share/haruto_description/script
[1.778s] -- Up-to-date: /home/raj/mazerover-auto/install/haruto_description/share/haruto_description/script/auto.cpp
[1.778s] -- Up-to-date: /home/raj/mazerover-auto/install/haruto_description/share/haruto_description/script/min.cpp
[1.778s] -- Up-to-date: /home/raj/mazerover-auto/install/haruto_description/lib/haruto_description/talker
[1.778s] -- Installing: /home/raj/mazerover-auto/install/haruto_description/lib/haruto_description/auto
[1.782s] -- Set runtime path of "/home/raj/mazerover-auto/install/haruto_description/lib/haruto_description/auto" to ""
[1.782s] -- Up-to-date: /home/raj/mazerover-auto/install/haruto_description/share/haruto_description/rviz
[1.782s] -- Up-to-date: /home/raj/mazerover-auto/install/haruto_description/share/haruto_description/rviz/with_camera.rviz
[1.782s] -- Up-to-date: /home/raj/mazerover-auto/install/haruto_description/share/haruto_description/rviz/visualize_robot.rviz
[1.782s] -- Up-to-date: /home/raj/mazerover-auto/install/haruto_description/share/haruto_description/launch
[1.783s] -- Up-to-date: /home/raj/mazerover-auto/install/haruto_description/share/haruto_description/launch/visualize_robot_standalone.launch.py
[1.783s] -- Up-to-date: /home/raj/mazerover-auto/install/haruto_description/share/haruto_description/launch/pre_vashisht.launch.py
[1.783s] -- Up-to-date: /home/raj/mazerover-auto/install/haruto_description/share/haruto_description/launch/visualize_robot_simulation.launch.py
[1.783s] -- Up-to-date: /home/raj/mazerover-auto/install/haruto_description/share/ament_index/resource_index/package_run_dependencies/haruto_description
[1.783s] -- Up-to-date: /home/raj/mazerover-auto/install/haruto_description/share/ament_index/resource_index/parent_prefix_path/haruto_description
[1.783s] -- Up-to-date: /home/raj/mazerover-auto/install/haruto_description/share/haruto_description/environment/ament_prefix_path.sh
[1.783s] -- Installing: /home/raj/mazerover-auto/install/haruto_description/share/haruto_description/environment/ament_prefix_path.dsv
[1.783s] -- Up-to-date: /home/raj/mazerover-auto/install/haruto_description/share/haruto_description/environment/path.sh
[1.783s] -- Installing: /home/raj/mazerover-auto/install/haruto_description/share/haruto_description/environment/path.dsv
[1.783s] -- Up-to-date: /home/raj/mazerover-auto/install/haruto_description/share/haruto_description/local_setup.bash
[1.783s] -- Up-to-date: /home/raj/mazerover-auto/install/haruto_description/share/haruto_description/local_setup.sh
[1.783s] -- Up-to-date: /home/raj/mazerover-auto/install/haruto_description/share/haruto_description/local_setup.zsh
[1.783s] -- Installing: /home/raj/mazerover-auto/install/haruto_description/share/haruto_description/local_setup.dsv
[1.784s] -- Installing: /home/raj/mazerover-auto/install/haruto_description/share/haruto_description/package.dsv
[1.784s] -- Up-to-date: /home/raj/mazerover-auto/install/haruto_description/share/ament_index/resource_index/packages/haruto_description
[1.784s] -- Up-to-date: /home/raj/mazerover-auto/install/haruto_description/share/haruto_description/cmake/haruto_descriptionConfig.cmake
[1.784s] -- Up-to-date: /home/raj/mazerover-auto/install/haruto_description/share/haruto_description/cmake/haruto_descriptionConfig-version.cmake
[1.784s] -- Up-to-date: /home/raj/mazerover-auto/install/haruto_description/share/haruto_description/package.xml
[1.788s] Invoked command in '/home/raj/mazerover-auto/build/haruto_description' returned '0': CMAKE_PREFIX_PATH=${CMAKE_PREFIX_PATH}:/opt/ros/humble /usr/bin/cmake --install /home/raj/mazerover-auto/build/haruto_description
