[0.008s] Invoking command in '/home/raj/mazerover-auto/build/haruto_description': CMAKE_PREFIX_PATH=/opt/ros/humble /usr/bin/cmake --build /home/raj/mazerover-auto/build/haruto_description -- -j2 -l2
[0.038s] -- Found ament_cmake: 1.3.11 (/opt/ros/humble/share/ament_cmake/cmake)
[0.125s] -- Found rclcpp: 16.0.11 (/opt/ros/humble/share/rclcpp/cmake)
[0.145s] -- Found rosidl_generator_c: 3.1.6 (/opt/ros/humble/share/rosidl_generator_c/cmake)
[0.146s] -- Found rosidl_adapter: 3.1.6 (/opt/ros/humble/share/rosidl_adapter/cmake)
[0.150s] -- Found rosidl_generator_cpp: 3.1.6 (/opt/ros/humble/share/rosidl_generator_cpp/cmake)
[0.156s] -- Using all available rosidl_typesupport_c: rosidl_typesupport_fastrtps_c;rosidl_typesupport_introspection_c
[0.164s] -- Using all available rosidl_typesupport_cpp: rosidl_typesupport_fastrtps_cpp;rosidl_typesupport_introspection_cpp
[0.183s] -- Found rmw_implementation_cmake: 6.1.2 (/opt/ros/humble/share/rmw_implementation_cmake/cmake)
[0.184s] -- Found rmw_fastrtps_cpp: 6.2.7 (/opt/ros/humble/share/rmw_fastrtps_cpp/cmake)
[0.250s] -- Using RMW implementation 'rmw_fastrtps_cpp' as default
[0.279s] -- Found sensor_msgs: 4.2.4 (/opt/ros/humble/share/sensor_msgs/cmake)
[0.298s] -- Found ament_lint_auto: 0.12.11 (/opt/ros/humble/share/ament_lint_auto/cmake)
[0.351s] [31mCMake Error at CMakeLists.txt:43 (add_executable):
[0.351s]   add_executable cannot create target "talker" because another target with
[0.351s]   the same name already exists.  The existing target is an executable created
[0.351s]   in source directory "/home/raj/mazerover-auto/src/haruto_description".  See
[0.351s]   documentation for policy CMP0002 for more details.
[0.351s] 
[0.351s] [0m
[0.355s] -- Added test 'cppcheck' to perform static code analysis on C / C++ code
[0.356s] -- Configured cppcheck include dirs: 
[0.356s] -- Configured cppcheck exclude dirs and/or files: 
[0.356s] -- Added test 'flake8' to check Python code syntax and style conventions
[0.356s] -- Added test 'lint_cmake' to check CMake code style
[0.356s] -- Added test 'pep257' to check Python code against some of the docstring style conventions in PEP 257
[0.357s] -- Added test 'uncrustify' to check C / C++ code style
[0.357s] -- Configured uncrustify additional arguments: 
[0.357s] -- Added test 'xmllint' to check XML markup files
[0.358s] -- Configuring incomplete, errors occurred!
[0.358s] See also "/home/raj/mazerover-auto/build/haruto_description/CMakeFiles/CMakeOutput.log".
[0.365s] gmake: *** [Makefile:267: cmake_check_build_system] Error 1
[0.369s] Invoked command in '/home/raj/mazerover-auto/build/haruto_description' returned '2': CMAKE_PREFIX_PATH=/opt/ros/humble /usr/bin/cmake --build /home/raj/mazerover-auto/build/haruto_description -- -j2 -l2
