[0.010s] Invoking command in '/home/raj/mazerover-auto/build/haruto_description': CMAKE_PREFIX_PATH=/opt/ros/humble /usr/bin/cmake /home/raj/mazerover-auto/src/haruto_description -DCMAKE_INSTALL_PREFIX=/home/raj/mazerover-auto/install/haruto_description
[0.080s] -- The C compiler identification is GNU 11.4.0
[0.133s] -- The CXX compiler identification is GNU 11.4.0
[0.144s] -- Detecting C compiler ABI info
[0.210s] -- Detecting C compiler ABI info - done
[0.215s] -- Check for working C compiler: /usr/bin/cc - skipped
[0.216s] -- Detecting C compile features
[0.216s] -- Detecting C compile features - done
[0.221s] -- Detecting CXX compiler ABI info
[0.294s] -- Detecting CXX compiler ABI info - done
[0.298s] -- Check for working CXX compiler: /usr/bin/c++ - skipped
[0.299s] -- Detecting CXX compile features
[0.299s] -- Detecting CXX compile features - done
[0.305s] -- Found ament_cmake: 1.3.11 (/opt/ros/humble/share/ament_cmake/cmake)
[0.419s] -- Found Python3: /usr/bin/python3 (found version "3.10.12") found components: Interpreter 
[0.499s] -- Found rclcpp: 16.0.11 (/opt/ros/humble/share/rclcpp/cmake)
[0.559s] -- Found rosidl_generator_c: 3.1.6 (/opt/ros/humble/share/rosidl_generator_c/cmake)
[0.565s] -- Found rosidl_adapter: 3.1.6 (/opt/ros/humble/share/rosidl_adapter/cmake)
[0.577s] -- Found rosidl_generator_cpp: 3.1.6 (/opt/ros/humble/share/rosidl_generator_cpp/cmake)
[0.596s] -- Using all available rosidl_typesupport_c: rosidl_typesupport_fastrtps_c;rosidl_typesupport_introspection_c
[0.615s] -- Using all available rosidl_typesupport_cpp: rosidl_typesupport_fastrtps_cpp;rosidl_typesupport_introspection_cpp
[0.677s] -- Found rmw_implementation_cmake: 6.1.2 (/opt/ros/humble/share/rmw_implementation_cmake/cmake)
[0.680s] -- Found rmw_fastrtps_cpp: 6.2.7 (/opt/ros/humble/share/rmw_fastrtps_cpp/cmake)
[0.780s] -- Found OpenSSL: /usr/lib/x86_64-linux-gnu/libcrypto.so (found version "3.0.2")  
[0.805s] -- Found FastRTPS: /opt/ros/humble/include  
[0.834s] -- Using RMW implementation 'rmw_fastrtps_cpp' as default
[0.850s] -- Looking for pthread.h
[0.947s] -- Looking for pthread.h - found
[0.950s] -- Performing Test CMAKE_HAVE_LIBC_PTHREAD
[1.024s] -- Performing Test CMAKE_HAVE_LIBC_PTHREAD - Success
[1.025s] -- Found Threads: TRUE  
[1.086s] -- Found sensor_msgs: 4.2.4 (/opt/ros/humble/share/sensor_msgs/cmake)
[1.121s] -- Found ament_lint_auto: 0.12.11 (/opt/ros/humble/share/ament_lint_auto/cmake)
[1.188s] -- Added test 'cppcheck' to perform static code analysis on C / C++ code
[1.188s] -- Configured cppcheck include dirs: 
[1.188s] -- Configured cppcheck exclude dirs and/or files: 
[1.188s] -- Added test 'flake8' to check Python code syntax and style conventions
[1.189s] -- Added test 'lint_cmake' to check CMake code style
[1.190s] -- Added test 'pep257' to check Python code against some of the docstring style conventions in PEP 257
[1.191s] -- Added test 'uncrustify' to check C / C++ code style
[1.191s] -- Configured uncrustify additional arguments: 
[1.191s] -- Added test 'xmllint' to check XML markup files
[1.193s] -- Configuring done
[1.201s] -- Generating done
[1.204s] -- Build files have been written to: /home/raj/mazerover-auto/build/haruto_description
[1.216s] Invoked command in '/home/raj/mazerover-auto/build/haruto_description' returned '0': CMAKE_PREFIX_PATH=/opt/ros/humble /usr/bin/cmake /home/raj/mazerover-auto/src/haruto_description -DCMAKE_INSTALL_PREFIX=/home/raj/mazerover-auto/install/haruto_description
[1.216s] Invoking command in '/home/raj/mazerover-auto/build/haruto_description': CMAKE_PREFIX_PATH=/opt/ros/humble /usr/bin/cmake --build /home/raj/mazerover-auto/build/haruto_description -- -j2 -l2
[1.272s] [ 50%] [32mBuilding CXX object CMakeFiles/talker.dir/script/min.cpp.o[0m
[7.225s] [100%] [32m[1mLinking CXX executable talker[0m
[7.529s] [100%] Built target talker
[7.540s] Invoked command in '/home/raj/mazerover-auto/build/haruto_description' returned '0': CMAKE_PREFIX_PATH=/opt/ros/humble /usr/bin/cmake --build /home/raj/mazerover-auto/build/haruto_description -- -j2 -l2
[7.549s] Invoking command in '/home/raj/mazerover-auto/build/haruto_description': CMAKE_PREFIX_PATH=/opt/ros/humble /usr/bin/cmake --install /home/raj/mazerover-auto/build/haruto_description
[7.556s] -- Install configuration: ""
[7.556s] -- Installing: /home/raj/mazerover-auto/install/haruto_description/share/haruto_description/urdf
[7.556s] -- Installing: /home/raj/mazerover-auto/install/haruto_description/share/haruto_description/urdf/motor.xacro
[7.556s] -- Installing: /home/raj/mazerover-auto/install/haruto_description/share/haruto_description/urdf/base.xacro
[7.556s] -- Installing: /home/raj/mazerover-auto/install/haruto_description/share/haruto_description/urdf/camera.xacro
[7.556s] -- Installing: /home/raj/mazerover-auto/install/haruto_description/share/haruto_description/urdf/wheel.xacro
[7.556s] -- Installing: /home/raj/mazerover-auto/install/haruto_description/share/haruto_description/urdf/lidar.xacro
[7.556s] -- Installing: /home/raj/mazerover-auto/install/haruto_description/share/haruto_description/urdf/robot.xacro
[7.556s] -- Installing: /home/raj/mazerover-auto/install/haruto_description/share/haruto_description/urdf/pillar.xacro
[7.556s] -- Installing: /home/raj/mazerover-auto/install/haruto_description/share/haruto_description/worlds
[7.556s] -- Installing: /home/raj/mazerover-auto/install/haruto_description/share/haruto_description/worlds/maze.world
[7.556s] -- Installing: /home/raj/mazerover-auto/install/haruto_description/share/haruto_description/script
[7.556s] -- Installing: /home/raj/mazerover-auto/install/haruto_description/share/haruto_description/script/min.cpp
[7.556s] -- Installing: /home/raj/mazerover-auto/install/haruto_description/lib/haruto_description/talker
[7.559s] -- Set runtime path of "/home/raj/mazerover-auto/install/haruto_description/lib/haruto_description/talker" to ""
[7.559s] -- Installing: /home/raj/mazerover-auto/install/haruto_description/share/haruto_description/rviz
[7.559s] -- Installing: /home/raj/mazerover-auto/install/haruto_description/share/haruto_description/rviz/with_camera.rviz
[7.559s] -- Installing: /home/raj/mazerover-auto/install/haruto_description/share/haruto_description/rviz/visualize_robot.rviz
[7.559s] -- Installing: /home/raj/mazerover-auto/install/haruto_description/share/haruto_description/launch
[7.559s] -- Installing: /home/raj/mazerover-auto/install/haruto_description/share/haruto_description/launch/visualize_robot_standalone.launch.py
[7.559s] -- Installing: /home/raj/mazerover-auto/install/haruto_description/share/haruto_description/launch/pre_vashisht.launch.py
[7.559s] -- Installing: /home/raj/mazerover-auto/install/haruto_description/share/haruto_description/launch/visualize_robot_simulation.launch.py
[7.559s] -- Installing: /home/raj/mazerover-auto/install/haruto_description/share/ament_index/resource_index/package_run_dependencies/haruto_description
[7.559s] -- Installing: /home/raj/mazerover-auto/install/haruto_description/share/ament_index/resource_index/parent_prefix_path/haruto_description
[7.559s] -- Installing: /home/raj/mazerover-auto/install/haruto_description/share/haruto_description/environment/ament_prefix_path.sh
[7.559s] -- Installing: /home/raj/mazerover-auto/install/haruto_description/share/haruto_description/environment/ament_prefix_path.dsv
[7.559s] -- Installing: /home/raj/mazerover-auto/install/haruto_description/share/haruto_description/environment/path.sh
[7.559s] -- Installing: /home/raj/mazerover-auto/install/haruto_description/share/haruto_description/environment/path.dsv
[7.560s] -- Installing: /home/raj/mazerover-auto/install/haruto_description/share/haruto_description/local_setup.bash
[7.560s] -- Installing: /home/raj/mazerover-auto/install/haruto_description/share/haruto_description/local_setup.sh
[7.560s] -- Installing: /home/raj/mazerover-auto/install/haruto_description/share/haruto_description/local_setup.zsh
[7.560s] -- Installing: /home/raj/mazerover-auto/install/haruto_description/share/haruto_description/local_setup.dsv
[7.560s] -- Installing: /home/raj/mazerover-auto/install/haruto_description/share/haruto_description/package.dsv
[7.560s] -- Installing: /home/raj/mazerover-auto/install/haruto_description/share/ament_index/resource_index/packages/haruto_description
[7.560s] -- Installing: /home/raj/mazerover-auto/install/haruto_description/share/haruto_description/cmake/haruto_descriptionConfig.cmake
[7.560s] -- Installing: /home/raj/mazerover-auto/install/haruto_description/share/haruto_description/cmake/haruto_descriptionConfig-version.cmake
[7.560s] -- Installing: /home/raj/mazerover-auto/install/haruto_description/share/haruto_description/package.xml
[7.562s] Invoked command in '/home/raj/mazerover-auto/build/haruto_description' returned '0': CMAKE_PREFIX_PATH=/opt/ros/humble /usr/bin/cmake --install /home/raj/mazerover-auto/build/haruto_description
